c:\users\felipe santos\documents\visual studio 2013\projects\opengltut\opengltut\debug\vc120.pdb
c:\users\felipe santos\documents\visual studio 2013\projects\opengltut\opengltut\debug\vc120.idb
c:\users\felipe santos\documents\visual studio 2013\projects\opengltut\opengltut\debug\tutorial.obj
c:\users\felipe santos\documents\visual studio 2013\projects\opengltut\opengltut\debug\ogldev_util.obj
c:\users\felipe santos\documents\visual studio 2013\projects\opengltut\opengltut\debug\pipeline.obj
c:\users\felipe santos\documents\github\opengltut\opengltut\opengltut\debug\vc120.pdb
c:\users\felipe santos\documents\github\opengltut\opengltut\opengltut\debug\vc120.idb
c:\users\felipe santos\documents\github\opengltut\opengltut\opengltut\debug\ogldev_util.obj
c:\users\felipe santos\documents\github\opengltut\opengltut\opengltut\debug\pipeline.obj
c:\users\felipe santos\documents\github\opengltut\opengltut\opengltut\debug\tutorial.obj
c:\users\felipe santos\documents\github\opengltut\opengltut\opengltut\debug\math_3d.obj
c:\users\felipe santos\documents\github\opengltut\opengltut\opengltut\debug\camera.obj
c:\users\felipe santos\documents\visual studio 2013\projects\opengltut\debug\opengltut.ilk
c:\users\felipe santos\documents\visual studio 2013\projects\opengltut\debug\opengltut.exe
c:\users\felipe santos\documents\visual studio 2013\projects\opengltut\debug\opengltut.pdb
c:\users\felipe santos\documents\github\opengltut\opengltut\debug\opengltut.ilk
c:\users\felipe santos\documents\github\opengltut\opengltut\debug\opengltut.exe
c:\users\felipe santos\documents\github\opengltut\opengltut\debug\opengltut.pdb
c:\users\felipe santos\documents\github\opengltut\opengltut\opengltut\debug\ogldev_texture.obj
c:\users\felipe santos\documents\github\opengltut\opengltut\opengltut\debug\opengltut.tlog\cl.command.1.tlog
c:\users\felipe santos\documents\github\opengltut\opengltut\opengltut\debug\opengltut.tlog\cl.read.1.tlog
c:\users\felipe santos\documents\github\opengltut\opengltut\opengltut\debug\opengltut.tlog\cl.write.1.tlog
c:\users\felipe santos\documents\github\opengltut\opengltut\opengltut\debug\opengltut.tlog\link.command.1.tlog
c:\users\felipe santos\documents\github\opengltut\opengltut\opengltut\debug\opengltut.tlog\link.read.1.tlog
c:\users\felipe santos\documents\github\opengltut\opengltut\opengltut\debug\opengltut.tlog\link.write.1.tlog
