Build started 04-Nov-14 8:26:12 PM.
     1>Project "C:\Users\Felipe Santos\Documents\GitHub\opengltut\OpenGLTut\OpenGLTut\OpenGLTut.vcxproj" on node 2 (Rebuild target(s)).
     1>ClCompile:
         D:\Program Files (x86)\Microsoft Visual Studio 12.0\VC\bin\CL.exe /c /I"C:\Users\Felipe Santos\Documents\GitHub\opengltut\OpenGLTut\OpenGLTut\ImageMagick" /ZI /nologo /W3 /WX- /sdl /Od /Oy- /D _MBCS /Gm /EHsc /RTC1 /MDd /GS /fp:precise /Zc:wchar_t /Zc:forScope /Fo"Debug\\" /Fd"Debug\vc120.pdb" /Gd /TP /analyze- /errorReport:prompt camera.cpp math_3d.cpp ogldev_util.cpp pipeline.cpp Tutorial.cpp
         Tutorial.cpp
         pipeline.cpp
         ogldev_util.cpp
         math_3d.cpp
         camera.cpp
         Generating Code...
       Link:
         D:\Program Files (x86)\Microsoft Visual Studio 12.0\VC\bin\link.exe /ERRORREPORT:PROMPT /OUT:"C:\Users\Felipe Santos\Documents\GitHub\opengltut\OpenGLTut\Debug\OpenGLTut.exe" /INCREMENTAL /NOLOGO /LIBPATH:"C:\Users\Felipe Santos\Documents\GitHub\opengltut\OpenGLTut\OpenGLTut\lib" opengl32.lib glu32.lib glut32.lib freeglut.lib glew32.lib glew32s.lib CORE_RL_magick_.lib CORE_RL_Magick++_.lib CORE_RL_wand_.lib X11.lib kernel32.lib user32.lib gdi32.lib winspool.lib comdlg32.lib advapi32.lib shell32.lib ole32.lib oleaut32.lib uuid.lib odbc32.lib odbccp32.lib /MANIFEST /MANIFESTUAC:"level='asInvoker' uiAccess='false'" /manifest:embed /DEBUG /PDB:"C:\Users\Felipe Santos\Documents\GitHub\opengltut\OpenGLTut\Debug\OpenGLTut.pdb" /TLBID:1 /DYNAMICBASE /NXCOMPAT /IMPLIB:"C:\Users\Felipe Santos\Documents\GitHub\opengltut\OpenGLTut\Debug\OpenGLTut.lib" /MACHINE:X86 Debug\camera.obj
         Debug\math_3d.obj
         Debug\ogldev_util.obj
         Debug\pipeline.obj
         Debug\Tutorial.obj
         OpenGLTut.vcxproj -> C:\Users\Felipe Santos\Documents\GitHub\opengltut\OpenGLTut\Debug\OpenGLTut.exe
     1>Done Building Project "C:\Users\Felipe Santos\Documents\GitHub\opengltut\OpenGLTut\OpenGLTut\OpenGLTut.vcxproj" (Rebuild target(s)).

Build succeeded.

Time Elapsed 00:00:05.67
