Build started 07-Nov-14 12:12:07 AM.
     1>Project "C:\Users\Felipe Santos\Documents\GitHub\opengltut\OpenGLTut\OpenGLTut\OpenGLTut.vcxproj" on node 2 (Build target(s)).
     1>ClCompile:
         D:\Program Files (x86)\Microsoft Visual Studio 12.0\VC\bin\x86_amd64\CL.exe /c /I"C:\Users\Felipe Santos\Documents\GitHub\opengltut\OpenGLTut\OpenGLTut\3rd party\ImageMagick" /I"C:\Users\Felipe Santos\Documents\GitHub\opengltut\OpenGLTut\OpenGLTut\3rd party\glew-1.11.0\include" /Zi /nologo /W3 /WX- /sdl /Od /D _MBCS /Gm /EHsc /RTC1 /MDd /GS /fp:precise /Zc:wchar_t /Zc:forScope /Fo"x64\Debug\\" /Fd"x64\Debug\vc120.pdb" /Gd /TP /errorReport:prompt Tutorial.cpp
         Tutorial.cpp
     1>c:\users\felipe santos\documents\github\opengltut\opengltut\opengltut\3rd party\imagemagick\Magick++/ChannelMoments.h(64): warning C4251: 'Magick::ChannelMoments::_huInvariants' : class 'std::vector<double,std::allocator<_Ty>>' needs to have dll-interface to be used by clients of class 'Magick::ChannelMoments'
                 with
                 [
                     _Ty=double
                 ]
     1>c:\users\felipe santos\documents\github\opengltut\opengltut\opengltut\3rd party\imagemagick\Magick++/ChannelMoments.h(97): warning C4251: 'Magick::ImageMoments::_channels' : class 'std::vector<Magick::ChannelMoments,std::allocator<_Ty>>' needs to have dll-interface to be used by clients of class 'Magick::ImageMoments'
                 with
                 [
                     _Ty=Magick::ChannelMoments
                 ]
     1>c:\users\felipe santos\documents\github\opengltut\opengltut\opengltut\3rd party\imagemagick\Magick++/Drawable.h(456): warning C4251: 'Magick::DrawableBezier::_coordinates' : class 'std::list<Magick::Coordinate,std::allocator<_Ty>>' needs to have dll-interface to be used by clients of class 'Magick::DrawableBezier'
                 with
                 [
                     _Ty=Magick::Coordinate
                 ]
     1>c:\users\felipe santos\documents\github\opengltut\opengltut\opengltut\3rd party\imagemagick\Magick++/Drawable.h(498): warning C4251: 'Magick::DrawablePushClipPath::_id' : class 'std::basic_string<char,std::char_traits<char>,std::allocator<char>>' needs to have dll-interface to be used by clients of class 'Magick::DrawablePushClipPath'
     1>c:\users\felipe santos\documents\github\opengltut\opengltut\opengltut\3rd party\imagemagick\Magick++/Drawable.h(526): warning C4251: 'Magick::DrawableClipPath::_id' : class 'std::basic_string<char,std::char_traits<char>,std::allocator<char>>' needs to have dll-interface to be used by clients of class 'Magick::DrawableClipPath'
     1>c:\users\felipe santos\documents\github\opengltut\opengltut\opengltut\3rd party\imagemagick\Magick++/Drawable.h(959): warning C4251: 'Magick::DrawableFont::_font' : class 'std::basic_string<char,std::char_traits<char>,std::allocator<char>>' needs to have dll-interface to be used by clients of class 'Magick::DrawableFont'
     1>c:\users\felipe santos\documents\github\opengltut\opengltut\opengltut\3rd party\imagemagick\Magick++/Drawable.h(960): warning C4251: 'Magick::DrawableFont::_family' : class 'std::basic_string<char,std::char_traits<char>,std::allocator<char>>' needs to have dll-interface to be used by clients of class 'Magick::DrawableFont'
     1>c:\users\felipe santos\documents\github\opengltut\opengltut\opengltut\3rd party\imagemagick\Magick++/Drawable.h(1128): warning C4251: 'Magick::DrawablePath::_path' : class 'std::list<Magick::VPath,std::allocator<_Ty>>' needs to have dll-interface to be used by clients of class 'Magick::DrawablePath'
                 with
                 [
                     _Ty=Magick::VPath
                 ]
     1>c:\users\felipe santos\documents\github\opengltut\opengltut\opengltut\3rd party\imagemagick\Magick++/Drawable.h(1217): warning C4251: 'Magick::DrawablePolygon::_coordinates' : class 'std::list<Magick::Coordinate,std::allocator<_Ty>>' needs to have dll-interface to be used by clients of class 'Magick::DrawablePolygon'
                 with
                 [
                     _Ty=Magick::Coordinate
                 ]
     1>c:\users\felipe santos\documents\github\opengltut\opengltut\opengltut\3rd party\imagemagick\Magick++/Drawable.h(1237): warning C4251: 'Magick::DrawablePolyline::_coordinates' : class 'std::list<Magick::Coordinate,std::allocator<_Ty>>' needs to have dll-interface to be used by clients of class 'Magick::DrawablePolyline'
                 with
                 [
                     _Ty=Magick::Coordinate
                 ]
     1>c:\users\felipe santos\documents\github\opengltut\opengltut\opengltut\3rd party\imagemagick\Magick++/Drawable.h(1321): warning C4251: 'Magick::DrawablePushPattern::_id' : class 'std::basic_string<char,std::char_traits<char>,std::allocator<char>>' needs to have dll-interface to be used by clients of class 'Magick::DrawablePushPattern'
     1>c:\users\felipe santos\documents\github\opengltut\opengltut\opengltut\3rd party\imagemagick\Magick++/Drawable.h(1927): warning C4251: 'Magick::DrawableText::_text' : class 'std::basic_string<char,std::char_traits<char>,std::allocator<char>>' needs to have dll-interface to be used by clients of class 'Magick::DrawableText'
     1>c:\users\felipe santos\documents\github\opengltut\opengltut\opengltut\3rd party\imagemagick\Magick++/Drawable.h(1928): warning C4251: 'Magick::DrawableText::_encoding' : class 'std::basic_string<char,std::char_traits<char>,std::allocator<char>>' needs to have dll-interface to be used by clients of class 'Magick::DrawableText'
     1>c:\users\felipe santos\documents\github\opengltut\opengltut\opengltut\3rd party\imagemagick\Magick++/Drawable.h(2339): warning C4251: 'Magick::PathArcAbs::_coordinates' : class 'std::list<Magick::PathArcArgs,std::allocator<_Ty>>' needs to have dll-interface to be used by clients of class 'Magick::PathArcAbs'
                 with
                 [
                     _Ty=Magick::PathArcArgs
                 ]
     1>c:\users\felipe santos\documents\github\opengltut\opengltut\opengltut\3rd party\imagemagick\Magick++/Drawable.h(2361): warning C4251: 'Magick::PathArcRel::_coordinates' : class 'std::list<Magick::PathArcArgs,std::allocator<_Ty>>' needs to have dll-interface to be used by clients of class 'Magick::PathArcRel'
                 with
                 [
                     _Ty=Magick::PathArcArgs
                 ]
     1>c:\users\felipe santos\documents\github\opengltut\opengltut\opengltut\3rd party\imagemagick\Magick++/Drawable.h(2512): warning C4251: 'Magick::PathCurvetoAbs::_args' : class 'std::list<Magick::PathCurvetoArgs,std::allocator<_Ty>>' needs to have dll-interface to be used by clients of class 'Magick::PathCurvetoAbs'
                 with
                 [
                     _Ty=Magick::PathCurvetoArgs
                 ]
     1>c:\users\felipe santos\documents\github\opengltut\opengltut\opengltut\3rd party\imagemagick\Magick++/Drawable.h(2535): warning C4251: 'Magick::PathCurvetoRel::_args' : class 'std::list<Magick::PathCurvetoArgs,std::allocator<_Ty>>' needs to have dll-interface to be used by clients of class 'Magick::PathCurvetoRel'
                 with
                 [
                     _Ty=Magick::PathCurvetoArgs
                 ]
     1>c:\users\felipe santos\documents\github\opengltut\opengltut\opengltut\3rd party\imagemagick\Magick++/Drawable.h(2559): warning C4251: 'Magick::PathSmoothCurvetoAbs::_coordinates' : class 'std::list<Magick::Coordinate,std::allocator<_Ty>>' needs to have dll-interface to be used by clients of class 'Magick::PathSmoothCurvetoAbs'
                 with
                 [
                     _Ty=Magick::Coordinate
                 ]
     1>c:\users\felipe santos\documents\github\opengltut\opengltut\opengltut\3rd party\imagemagick\Magick++/Drawable.h(2584): warning C4251: 'Magick::PathSmoothCurvetoRel::_coordinates' : class 'std::list<Magick::Coordinate,std::allocator<_Ty>>' needs to have dll-interface to be used by clients of class 'Magick::PathSmoothCurvetoRel'
                 with
                 [
                     _Ty=Magick::Coordinate
                 ]
     1>c:\users\felipe santos\documents\github\opengltut\opengltut\opengltut\3rd party\imagemagick\Magick++/Drawable.h(2693): warning C4251: 'Magick::PathQuadraticCurvetoAbs::_args' : class 'std::list<Magick::PathQuadraticCurvetoArgs,std::allocator<_Ty>>' needs to have dll-interface to be used by clients of class 'Magick::PathQuadraticCurvetoAbs'
                 with
                 [
                     _Ty=Magick::PathQuadraticCurvetoArgs
                 ]
     1>c:\users\felipe santos\documents\github\opengltut\opengltut\opengltut\3rd party\imagemagick\Magick++/Drawable.h(2717): warning C4251: 'Magick::PathQuadraticCurvetoRel::_args' : class 'std::list<Magick::PathQuadraticCurvetoArgs,std::allocator<_Ty>>' needs to have dll-interface to be used by clients of class 'Magick::PathQuadraticCurvetoRel'
                 with
                 [
                     _Ty=Magick::PathQuadraticCurvetoArgs
                 ]
     1>c:\users\felipe santos\documents\github\opengltut\opengltut\opengltut\3rd party\imagemagick\Magick++/Drawable.h(2741): warning C4251: 'Magick::PathSmoothQuadraticCurvetoAbs::_coordinates' : class 'std::list<Magick::Coordinate,std::allocator<_Ty>>' needs to have dll-interface to be used by clients of class 'Magick::PathSmoothQuadraticCurvetoAbs'
                 with
                 [
                     _Ty=Magick::Coordinate
                 ]
     1>c:\users\felipe santos\documents\github\opengltut\opengltut\opengltut\3rd party\imagemagick\Magick++/Drawable.h(2765): warning C4251: 'Magick::PathSmoothQuadraticCurvetoRel::_coordinates' : class 'std::list<Magick::Coordinate,std::allocator<_Ty>>' needs to have dll-interface to be used by clients of class 'Magick::PathSmoothQuadraticCurvetoRel'
                 with
                 [
                     _Ty=Magick::Coordinate
                 ]
     1>c:\users\felipe santos\documents\github\opengltut\opengltut\opengltut\3rd party\imagemagick\Magick++/Drawable.h(2793): warning C4251: 'Magick::PathLinetoAbs::_coordinates' : class 'std::list<Magick::Coordinate,std::allocator<_Ty>>' needs to have dll-interface to be used by clients of class 'Magick::PathLinetoAbs'
                 with
                 [
                     _Ty=Magick::Coordinate
                 ]
     1>c:\users\felipe santos\documents\github\opengltut\opengltut\opengltut\3rd party\imagemagick\Magick++/Drawable.h(2817): warning C4251: 'Magick::PathLinetoRel::_coordinates' : class 'std::list<Magick::Coordinate,std::allocator<_Ty>>' needs to have dll-interface to be used by clients of class 'Magick::PathLinetoRel'
                 with
                 [
                     _Ty=Magick::Coordinate
                 ]
     1>c:\users\felipe santos\documents\github\opengltut\opengltut\opengltut\3rd party\imagemagick\Magick++/Drawable.h(2959): warning C4251: 'Magick::PathMovetoAbs::_coordinates' : class 'std::list<Magick::Coordinate,std::allocator<_Ty>>' needs to have dll-interface to be used by clients of class 'Magick::PathMovetoAbs'
                 with
                 [
                     _Ty=Magick::Coordinate
                 ]
     1>c:\users\felipe santos\documents\github\opengltut\opengltut\opengltut\3rd party\imagemagick\Magick++/Drawable.h(2983): warning C4251: 'Magick::PathMovetoRel::_coordinates' : class 'std::list<Magick::Coordinate,std::allocator<_Ty>>' needs to have dll-interface to be used by clients of class 'Magick::PathMovetoRel'
                 with
                 [
                     _Ty=Magick::Coordinate
                 ]
     1>c:\users\felipe santos\documents\github\opengltut\opengltut\opengltut\3rd party\imagemagick\Magick++/Exception.h(55): warning C4251: 'Magick::Exception::_what' : class 'std::basic_string<char,std::char_traits<char>,std::allocator<char>>' needs to have dll-interface to be used by clients of class 'Magick::Exception'
     1>c:\users\felipe santos\documents\github\opengltut\opengltut\opengltut\3rd party\imagemagick\Magick++/CoderInfo.h(70): warning C4251: 'Magick::CoderInfo::_name' : class 'std::basic_string<char,std::char_traits<char>,std::allocator<char>>' needs to have dll-interface to be used by clients of class 'Magick::CoderInfo'
     1>c:\users\felipe santos\documents\github\opengltut\opengltut\opengltut\3rd party\imagemagick\Magick++/CoderInfo.h(71): warning C4251: 'Magick::CoderInfo::_description' : class 'std::basic_string<char,std::char_traits<char>,std::allocator<char>>' needs to have dll-interface to be used by clients of class 'Magick::CoderInfo'
     1>c:\users\felipe santos\documents\github\opengltut\opengltut\opengltut\3rd party\imagemagick\Magick++/CoderInfo.h(72): warning C4251: 'Magick::CoderInfo::_mimeType' : class 'std::basic_string<char,std::char_traits<char>,std::allocator<char>>' needs to have dll-interface to be used by clients of class 'Magick::CoderInfo'
     1>c:\users\felipe santos\documents\github\opengltut\opengltut\opengltut\3rd party\imagemagick\Magick++/Montage.h(103): warning C4251: 'Magick::Montage::_fileName' : class 'std::basic_string<char,std::char_traits<char>,std::allocator<char>>' needs to have dll-interface to be used by clients of class 'Magick::Montage'
     1>c:\users\felipe santos\documents\github\opengltut\opengltut\opengltut\3rd party\imagemagick\Magick++/Montage.h(105): warning C4251: 'Magick::Montage::_font' : class 'std::basic_string<char,std::char_traits<char>,std::allocator<char>>' needs to have dll-interface to be used by clients of class 'Magick::Montage'
     1>c:\users\felipe santos\documents\github\opengltut\opengltut\opengltut\3rd party\imagemagick\Magick++/Montage.h(108): warning C4251: 'Magick::Montage::_label' : class 'std::basic_string<char,std::char_traits<char>,std::allocator<char>>' needs to have dll-interface to be used by clients of class 'Magick::Montage'
     1>c:\users\felipe santos\documents\github\opengltut\opengltut\opengltut\3rd party\imagemagick\Magick++/Montage.h(112): warning C4251: 'Magick::Montage::_texture' : class 'std::basic_string<char,std::char_traits<char>,std::allocator<char>>' needs to have dll-interface to be used by clients of class 'Magick::Montage'
     1>c:\users\felipe santos\documents\github\opengltut\opengltut\opengltut\3rd party\imagemagick\Magick++/Montage.h(114): warning C4251: 'Magick::Montage::_title' : class 'std::basic_string<char,std::char_traits<char>,std::allocator<char>>' needs to have dll-interface to be used by clients of class 'Magick::Montage'
     1>C:\Users\Felipe Santos\Documents\GitHub\opengltut\OpenGLTut\OpenGLTut\3rd party\ImageMagick\Magick++/STL.h(134): warning C4251: 'Magick::annotateImage::_text' : class 'std::basic_string<char,std::char_traits<char>,std::allocator<char>>' needs to have dll-interface to be used by clients of class 'Magick::annotateImage'
     1>C:\Users\Felipe Santos\Documents\GitHub\opengltut\OpenGLTut\OpenGLTut\3rd party\ImageMagick\Magick++/STL.h(213): warning C4251: 'Magick::cdlImage::_cdl' : class 'std::basic_string<char,std::char_traits<char>,std::allocator<char>>' needs to have dll-interface to be used by clients of class 'Magick::cdlImage'
     1>C:\Users\Felipe Santos\Documents\GitHub\opengltut\OpenGLTut\OpenGLTut\3rd party\ImageMagick\Magick++/STL.h(273): warning C4251: 'Magick::commentImage::_comment' : class 'std::basic_string<char,std::char_traits<char>,std::allocator<char>>' needs to have dll-interface to be used by clients of class 'Magick::commentImage'
     1>C:\Users\Felipe Santos\Documents\GitHub\opengltut\OpenGLTut\OpenGLTut\3rd party\ImageMagick\Magick++/STL.h(385): warning C4251: 'Magick::drawImage::_drawableList' : class 'std::list<Magick::Drawable,std::allocator<_Ty>>' needs to have dll-interface to be used by clients of class 'Magick::drawImage'
                 with
                 [
                     _Ty=Magick::Drawable
                 ]
     1>C:\Users\Felipe Santos\Documents\GitHub\opengltut\OpenGLTut\OpenGLTut\3rd party\ImageMagick\Magick++/STL.h(651): warning C4251: 'Magick::labelImage::_label' : class 'std::basic_string<char,std::char_traits<char>,std::allocator<char>>' needs to have dll-interface to be used by clients of class 'Magick::labelImage'
     1>C:\Users\Felipe Santos\Documents\GitHub\opengltut\OpenGLTut\OpenGLTut\3rd party\ImageMagick\Magick++/STL.h(1338): warning C4251: 'Magick::backgroundTextureImage::_backgroundTexture' : class 'std::basic_string<char,std::char_traits<char>,std::allocator<char>>' needs to have dll-interface to be used by clients of class 'Magick::backgroundTextureImage'
     1>C:\Users\Felipe Santos\Documents\GitHub\opengltut\OpenGLTut\OpenGLTut\3rd party\ImageMagick\Magick++/STL.h(1513): warning C4251: 'Magick::fileNameImage::_fileName' : class 'std::basic_string<char,std::char_traits<char>,std::allocator<char>>' needs to have dll-interface to be used by clients of class 'Magick::fileNameImage'
     1>C:\Users\Felipe Santos\Documents\GitHub\opengltut\OpenGLTut\OpenGLTut\3rd party\ImageMagick\Magick++/STL.h(1537): warning C4251: 'Magick::fontImage::_font' : class 'std::basic_string<char,std::char_traits<char>,std::allocator<char>>' needs to have dll-interface to be used by clients of class 'Magick::fontImage'
     1>C:\Users\Felipe Santos\Documents\GitHub\opengltut\OpenGLTut\OpenGLTut\3rd party\ImageMagick\Magick++/STL.h(1597): warning C4251: 'Magick::magickImage::_magick' : class 'std::basic_string<char,std::char_traits<char>,std::allocator<char>>' needs to have dll-interface to be used by clients of class 'Magick::magickImage'
     1>C:\Users\Felipe Santos\Documents\GitHub\opengltut\OpenGLTut\OpenGLTut\3rd party\ImageMagick\Magick++/STL.h(1856): warning C4251: 'Magick::tileNameImage::_tileName' : class 'std::basic_string<char,std::char_traits<char>,std::allocator<char>>' needs to have dll-interface to be used by clients of class 'Magick::tileNameImage'
     1>C:\Users\Felipe Santos\Documents\GitHub\opengltut\OpenGLTut\OpenGLTut\3rd party\ImageMagick\Magick++/STL.h(1893): warning C4251: 'Magick::viewImage::_view' : class 'std::basic_string<char,std::char_traits<char>,std::allocator<char>>' needs to have dll-interface to be used by clients of class 'Magick::viewImage'
     1>C:\Users\Felipe Santos\Documents\GitHub\opengltut\OpenGLTut\OpenGLTut\3rd party\ImageMagick\Magick++/STL.h(1906): warning C4251: 'Magick::x11DisplayImage::_display' : class 'std::basic_string<char,std::char_traits<char>,std::allocator<char>>' needs to have dll-interface to be used by clients of class 'Magick::x11DisplayImage'
     1>Tutorial.cpp(130): warning C4267: '=' : conversion from 'size_t' to 'GLint', possible loss of data
       Link:
         D:\Program Files (x86)\Microsoft Visual Studio 12.0\VC\bin\x86_amd64\link.exe /ERRORREPORT:PROMPT /OUT:"C:\Users\Felipe Santos\Documents\GitHub\opengltut\OpenGLTut\x64\Debug\OpenGLTut.exe" /INCREMENTAL /NOLOGO /LIBPATH:"C:\Users\Felipe Santos\Documents\GitHub\opengltut\OpenGLTut\OpenGLTut\3rd party\glew-1.11.0\lib\Release\x64" /LIBPATH:"C:\Users\Felipe Santos\Documents\GitHub\opengltut\OpenGLTut\OpenGLTut\3rd party\glew-1.11.0\lib" /LIBPATH:"C:\Users\Felipe Santos\Documents\GitHub\opengltut\OpenGLTut\OpenGLTut\3rd party\ImageMagick\lib" opengl32.lib glu32.lib glut32.lib freeglut.lib glew32.lib glew32s.lib CORE_RL_magick_.lib CORE_RL_Magick++_.lib CORE_RL_wand_.lib X11.lib kernel32.lib user32.lib gdi32.lib winspool.lib comdlg32.lib advapi32.lib shell32.lib ole32.lib oleaut32.lib uuid.lib odbc32.lib odbccp32.lib /MANIFEST /MANIFESTUAC:"level='asInvoker' uiAccess='false'" /manifest:embed /DEBUG /PDB:"C:\Users\Felipe Santos\Documents\GitHub\opengltut\OpenGLTut\x64\Debug\OpenGLTut.pdb" /TLBID:1 /DYNAMICBASE /NXCOMPAT /IMPLIB:"C:\Users\Felipe Santos\Documents\GitHub\opengltut\OpenGLTut\x64\Debug\OpenGLTut.lib" /MACHINE:X64 x64\Debug\camera.obj
         x64\Debug\glut_window.obj
         x64\Debug\math_3d.obj
         x64\Debug\ogldev_texture.obj
         x64\Debug\ogldev_util.obj
         x64\Debug\pipeline.obj
         x64\Debug\Tutorial.obj
         OpenGLTut.vcxproj -> C:\Users\Felipe Santos\Documents\GitHub\opengltut\OpenGLTut\x64\Debug\OpenGLTut.exe
     1>Done Building Project "C:\Users\Felipe Santos\Documents\GitHub\opengltut\OpenGLTut\OpenGLTut\OpenGLTut.vcxproj" (Build target(s)).

Build succeeded.

Time Elapsed 00:00:04.33
